ah_s2 0
ah_s3 1
ah_s4 2
ao_s2 3
ao_s3 4
ao_s4 5
ay_s2 6
ay_s3 7
ay_s4 8
eh_s2 9
eh_s3 10
eh_s4 11
ey_s2 12
ey_s3 13
ey_s4 14
f_s2 15
f_s3 16
f_s4 17
hh_s2 18
hh_s3 19
hh_s4 20
ih_s2 21
ih_s3 22
ih_s4 23
iy_s2 24
iy_s3 25
iy_s4 26
k_s2 27
k_s3 28
k_s4 29
n_s2 30
n_s3 31
n_s4 32
ow_s2 33
ow_s3 34
ow_s4 35
r_s2 36
r_s3 37
r_s4 38
s_s2 39
s_s3 40
s_s4 41
sil_s2 42
sil_s3 43
sil_s4 44
sp_s2 45
t_s2 46
t_s3 47
t_s4 48
th_s2 49
th_s3 50
th_s4 51
uw_s2 52
uw_s3 53
uw_s4 54
v_s2 55
v_s3 56
v_s4 57
w_s2 58
w_s3 59
w_s4 60
z_s2 61
z_s3 62
z_s4 63
